This is e-pTeX, Version 3.14159265-p3.6-141210-2.6 (utf8.euc) (TeX Live 2015) (preloaded format=platex 2015.10.10)  8 FEB 2017 12:05
entering extended mode
 restricted \write18 enabled.
 %&-line parsing enabled.
**main.tex
(./main.tex
pLaTeX2e <2006/11/10> (based on LaTeX2e <2015/10/01> patch level 1)
Babel <3.9m> and hyphenation patterns for 79 languages loaded.
(./nodlabpabw.cls (./jnodreportw.sty
Document Style `jnodreport'. <7 Dec 92>
(./jnodrep12w.sty
\footheight=\dimen118
\@maxsep=\dimen119
\@dblmaxsep=\dimen120
)
\descriptionmargin=\dimen121
\c@part=\count81
\c@chapter=\count82
\c@section=\count83
\c@subsection=\count84
\c@subsubsection=\count85
\c@paragraph=\count86
\c@subparagraph=\count87
\c@figure=\count88
\c@table=\count89
 (./jnodtitlepagew.sty))) (./a4j.sty)
(/usr/local/texlive/2015/texmf-dist/tex/latex/ncctools/nccmath.sty
Package: nccmath 2005/02/21 v1.2 Additional Math Commands (NCC)

(/usr/local/texlive/2015/texmf-dist/tex/latex/amsmath/amsmath.sty
Package: amsmath 2013/01/14 v2.14 AMS math features
\@mathmargin=\skip41

For additional information on amsmath, use the `?' option.
(/usr/local/texlive/2015/texmf-dist/tex/latex/amsmath/amstext.sty
Package: amstext 2000/06/29 v2.01

(/usr/local/texlive/2015/texmf-dist/tex/latex/amsmath/amsgen.sty
File: amsgen.sty 1999/11/30 v2.0
\@emptytoks=\toks15
\ex@=\dimen122
))
(/usr/local/texlive/2015/texmf-dist/tex/latex/amsmath/amsbsy.sty
Package: amsbsy 1999/11/29 v1.2d
\pmbraise@=\dimen123
)
(/usr/local/texlive/2015/texmf-dist/tex/latex/amsmath/amsopn.sty
Package: amsopn 1999/12/14 v2.01 operator names
)
\inf@bad=\count90
LaTeX Info: Redefining \frac on input line 210.
\uproot@=\count91
\leftroot@=\count92
LaTeX Info: Redefining \overline on input line 306.
\classnum@=\count93
\DOTSCASE@=\count94
LaTeX Info: Redefining \ldots on input line 378.
LaTeX Info: Redefining \dots on input line 381.
LaTeX Info: Redefining \cdots on input line 466.
\Mathstrutbox@=\box41
\strutbox@=\box42
\big@size=\dimen124
LaTeX Font Info:    Redeclaring font encoding OML on input line 566.
LaTeX Font Info:    Redeclaring font encoding OMS on input line 567.
\macc@depth=\count95
\c@MaxMatrixCols=\count96
\dotsspace@=\muskip10
\c@parentequation=\count97
\dspbrk@lvl=\count98
\tag@help=\toks16
\row@=\count99
\column@=\count100
\maxfields@=\count101
\andhelp@=\toks17
\eqnshift@=\dimen125
\alignsep@=\dimen126
\tagshift@=\dimen127
\tagwidth@=\dimen128
\totwidth@=\dimen129
\lineht@=\dimen130
\@envbody=\toks18
\multlinegap=\skip42
\multlinetaggap=\skip43
\mathdisplay@stack=\toks19
LaTeX Info: Redefining \[ on input line 2665.
LaTeX Info: Redefining \] on input line 2666.
)
\NCC@fracrulewidth=\dimen131
)
(/usr/local/texlive/2015/texmf-dist/tex/latex/algorithms/algorithmic.sty
Package: algorithmic 2009/08/24 v0.1 Document Style `algorithmic'

(/usr/local/texlive/2015/texmf-dist/tex/latex/base/ifthen.sty
Package: ifthen 2014/09/29 v1.1c Standard LaTeX ifthen package (DPC)
)
(/usr/local/texlive/2015/texmf-dist/tex/latex/graphics/keyval.sty
Package: keyval 2014/10/28 v1.15 key=value parser (DPC)
\KV@toks@=\toks20
)
\c@ALC@unique=\count102
\c@ALC@line=\count103
\c@ALC@rem=\count104
\c@ALC@depth=\count105
\ALC@tlm=\skip44
\algorithmicindent=\skip45
)
(/usr/local/texlive/2015/texmf-dist/tex/latex/algorithms/algorithm.sty
Package: algorithm 2009/08/24 v0.1 Document Style `algorithm' - floating enviro
nment

(/usr/local/texlive/2015/texmf-dist/tex/latex/float/float.sty
Package: float 2001/11/08 v1.3d Float enhancements (AL)
\c@float@type=\count106
\float@exts=\toks21
\float@box=\box43
\@float@everytoks=\toks22
\@floatcapt=\box44
)
\@float@every@algorithm=\toks23
\c@algorithm=\count107
)
(/usr/local/texlive/2015/texmf-dist/tex/latex/amsfonts/amssymb.sty
Package: amssymb 2013/01/14 v3.01 AMS font symbols

(/usr/local/texlive/2015/texmf-dist/tex/latex/amsfonts/amsfonts.sty
Package: amsfonts 2013/01/14 v3.01 Basic AMSFonts support
\symAMSa=\mathgroup4
\symAMSb=\mathgroup5
LaTeX Font Info:    Overwriting math alphabet `\mathfrak' in version `bold'
(Font)                  U/euf/m/n --> U/euf/b/n on input line 106.
))
(/usr/local/texlive/2015/texmf-dist/tex/latex/cases/cases.sty
Package: cases 2002/05/02 ver 2.5 
)
(/usr/local/texlive/2015/texmf-dist/tex/latex/graphics/graphicx.sty
Package: graphicx 2014/10/28 v1.0g Enhanced LaTeX Graphics (DPC,SPQR)

(/usr/local/texlive/2015/texmf-dist/tex/latex/graphics/graphics.sty
Package: graphics 2014/10/28 v1.0p Standard LaTeX Graphics (DPC,SPQR)

(/usr/local/texlive/2015/texmf-dist/tex/latex/graphics/trig.sty
Package: trig 1999/03/16 v1.09 sin cos tan (DPC)
)
(/usr/local/texlive/2015/texmf-dist/tex/latex/latexconfig/graphics.cfg
File: graphics.cfg 2010/04/23 v1.9 graphics configuration of TeX Live
)
Package graphics Info: Driver file: dvips.def on input line 94.

(/usr/local/texlive/2015/texmf-dist/tex/latex/graphics/dvips.def
File: dvips.def 2014/10/14 v3.0j Driver-dependent file (DPC,SPQR)
))
\Gin@req@height=\dimen132
\Gin@req@width=\dimen133
)
(/usr/local/texlive/2015/texmf-dist/tex/latex/tools/theorem.sty
Package: theorem 2014/10/28 v2.2c Theorem extension package (FMi)
\theorem@style=\toks24
\theorem@bodyfont=\toks25
\theorempreskipamount=\skip46
\theorempostskipamount=\skip47

(/usr/local/texlive/2015/texmf-dist/tex/latex/tools/thp.sty
File: thp.sty 2014/10/28 v2.2c Theorem extension package (FMi)
))
(/usr/local/texlive/2015/texmf-dist/tex/latex/here/here.sty)
\c@thm=\count108
\c@prop=\count109
\c@lem=\count110
\c@rmk=\count111
\c@example=\count112
\c@proof=\count113


LaTeX Warning: Unused global option(s):
    [a4paper].

No file main.aux.
\openout1 = `main.aux'.

LaTeX Font Info:    Checking defaults for OML/cmm/m/it on input line 29.
LaTeX Font Info:    ... okay on input line 29.
LaTeX Font Info:    Checking defaults for T1/cmr/m/n on input line 29.
LaTeX Font Info:    ... okay on input line 29.
LaTeX Font Info:    Checking defaults for OT1/cmr/m/n on input line 29.
LaTeX Font Info:    ... okay on input line 29.
LaTeX Font Info:    Checking defaults for OMS/cmsy/m/n on input line 29.
LaTeX Font Info:    ... okay on input line 29.
LaTeX Font Info:    Checking defaults for OMX/cmex/m/n on input line 29.
LaTeX Font Info:    ... okay on input line 29.
LaTeX Font Info:    Checking defaults for U/cmr/m/n on input line 29.
LaTeX Font Info:    ... okay on input line 29.
LaTeX Font Info:    Checking defaults for JY1/mc/m/n on input line 29.
LaTeX Font Info:    ... okay on input line 29.
LaTeX Font Info:    Checking defaults for JT1/mc/m/n on input line 29.
LaTeX Font Info:    ... okay on input line 29.
LaTeX Font Info:    Try loading font information for U+msa on input line 33.
(/usr/local/texlive/2015/texmf-dist/tex/latex/amsfonts/umsa.fd
File: umsa.fd 2013/01/14 v3.01 AMS symbols A
)
LaTeX Font Info:    Try loading font information for U+msb on input line 33.

(/usr/local/texlive/2015/texmf-dist/tex/latex/amsfonts/umsb.fd
File: umsb.fd 2013/01/14 v3.01 AMS symbols B
) [0

]
LaTeX Font Info:    Font shape `JT1/mc/bx/n' in size <24.88> not available
(Font)              Font shape `JT1/gt/m/n' tried instead on input line 34.
LaTeX Font Info:    Font shape `JY1/mc/bx/n' in size <24.88> not available
(Font)              Font shape `JY1/gt/m/n' tried instead on input line 34.


目 次
No file main.toc.
\tf@toc=\write3
\openout3 = `main.toc'.

[1

] [0]

第 {1} 章 序論
LaTeX Font Info:    Font shape `JT1/mc/bx/n' in size <17.28> not available
(Font)              Font shape `JT1/gt/m/n' tried instead on input line 41.
LaTeX Font Info:    Font shape `JY1/mc/bx/n' in size <17.28> not available
(Font)              Font shape `JY1/gt/m/n' tried instead on input line 41.
LaTeX Font Info:    Font shape `JT1/mc/bx/n' in size <12> not available
(Font)              Font shape `JT1/gt/m/n' tried instead on input line 68.
LaTeX Font Info:    Font shape `JY1/mc/bx/n' in size <12> not available
(Font)              Font shape `JY1/gt/m/n' tried instead on input line 68.

LaTeX Warning: Reference `10' on page 1 undefined on input line 68.


LaTeX Warning: Citation `tme' on page 1 undefined on input line 76.


LaTeX Warning: Citation `inexact' on page 1 undefined on input line 76.


LaTeX Warning: Citation `efficient' on page 1 undefined on input line 76.


LaTeX Warning: Citation `nineteen' on page 1 undefined on input line 76.


LaTeX Warning: Citation `rational' on page 1 undefined on input line 76.


LaTeX Warning: Citation `efficient' on page 1 undefined on input line 76.


LaTeX Warning: Citation `nineteen' on page 1 undefined on input line 76.


LaTeX Warning: Citation `rational' on page 1 undefined on input line 77.


LaTeX Warning: Citation `tme' on page 1 undefined on input line 77.


LaTeX Warning: Citation `rational' on page 1 undefined on input line 77.


LaTeX Warning: Reference `sol' on page 1 undefined on input line 77.

[1

]

LaTeX Warning: Reference `11' on page 2 undefined on input line 79.


LaTeX Warning: Reference `10' on page 2 undefined on input line 79.


LaTeX Warning: Reference `11' on page 2 undefined on input line 81.

[2]

第 {2} 章 行列指数関数のためのKrylov部分空間法

LaTeX Warning: Reference `al2' on page 3 undefined on input line 97.


LaTeX Warning: Citation `efficient' on page 3 undefined on input line 125.

[3

]

LaTeX Warning: Reference `1' on page 4 undefined on input line 135.


LaTeX Warning: Reference `al3' on page 4 undefined on input line 142.

[4]

LaTeX Warning: Citation `rational' on page 5 undefined on input line 171.


LaTeX Warning: Citation `tme' on page 5 undefined on input line 171.


LaTeX Font Warning: Font shape `JT1/mc/m/it' undefined
(Font)              using `JT1/mc/m/n' instead on input line 172.


LaTeX Font Warning: Font shape `JY1/mc/m/it' undefined
(Font)              using `JY1/mc/m/n' instead on input line 172.


LaTeX Warning: Reference `1' on page 5 undefined on input line 187.

[5]

LaTeX Warning: Citation `Kato' on page 6 undefined on input line 199.


LaTeX Warning: Citation `Spijker' on page 6 undefined on input line 201.


LaTeX Warning: Citation `tme' on page 6 undefined on input line 211.


LaTeX Warning: Reference `35' on page 6 undefined on input line 211.


LaTeX Warning: Citation `rational' on page 6 undefined on input line 211.

[6]

第 {3} 章 線形発展方程式の離散化

LaTeX Warning: Reference `11' on page 7 undefined on input line 216.


LaTeX Warning: Reference `10' on page 7 undefined on input line 216.


LaTeX Warning: Citation `fdm' on page 7 undefined on input line 216.


LaTeX Warning: Reference `11' on page 7 undefined on input line 218.


LaTeX Warning: Citation `pde' on page 7 undefined on input line 218.


LaTeX Warning: Reference `14' on page 7 undefined on input line 231.

[7

]

LaTeX Warning: Reference `15' on page 8 undefined on input line 236.


LaTeX Warning: Reference `30' on page 8 undefined on input line 240.


LaTeX Warning: Reference `10' on page 8 undefined on input line 240.


LaTeX Warning: Citation `matlabfem' on page 8 undefined on input line 240.


LaTeX Warning: Citation `fem' on page 8 undefined on input line 240.


LaTeX Warning: Reference `secfdm' on page 8 undefined on input line 240.

[8]

第 {4} 章 ISIAE法

LaTeX Warning: Reference `chapdisc' on page 9 undefined on input line 244.


LaTeX Warning: Reference `10' on page 9 undefined on input line 244.


LaTeX Warning: Reference `sol' on page 9 undefined on input line 244.


LaTeX Warning: Reference `chapKry' on page 9 undefined on input line 244.


LaTeX Warning: Reference `20' on page 9 undefined on input line 244.


LaTeX Warning: Reference `chapKry' on page 9 undefined on input line 244.


LaTeX Warning: Reference `chapint' on page 9 undefined on input line 244.


LaTeX Warning: Citation `tme' on page 9 undefined on input line 244.


LaTeX Warning: Citation `inexact' on page 9 undefined on input line 244.


LaTeX Warning: Reference `1' on page 9 undefined on input line 252.


LaTeX Warning: Reference `10' on page 9 undefined on input line 260.

[9

]

LaTeX Warning: Reference `3' on page 10 undefined on input line 266.


LaTeX Warning: Citation `decay' on page 10 undefined on input line 285.


LaTeX Warning: Citation `complex' on page 10 undefined on input line 285.


LaTeX Warning: Citation `decay' on page 10 undefined on input line 285.


LaTeX Warning: Citation `caratheodory' on page 10 undefined on input line 285.


LaTeX Warning: Citation `decay' on page 10 undefined on input line 285.


LaTeX Warning: Reference `prop1' on page 10 undefined on input line 288.


LaTeX Warning: Reference `12' on page 10 undefined on input line 288.


LaTeX Warning: Reference `prop1' on page 10 undefined on input line 291.


LaTeX Warning: Reference `2' on page 10 undefined on input line 291.

[10]

LaTeX Warning: Reference `2' on page 11 undefined on input line 312.


LaTeX Warning: Reference `12' on page 11 undefined on input line 314.


LaTeX Warning: Reference `13' on page 11 undefined on input line 314.


LaTeX Warning: Reference `13' on page 11 undefined on input line 314.


LaTeX Warning: Reference `12' on page 11 undefined on input line 314.


LaTeX Warning: Reference `12' on page 11 undefined on input line 329.

[11]

LaTeX Warning: Reference `21' on page 12 undefined on input line 362.


LaTeX Warning: Reference `12' on page 12 undefined on input line 362.


LaTeX Warning: Reference `21' on page 12 undefined on input line 362.


LaTeX Warning: Reference `2' on page 12 undefined on input line 365.

[12]

LaTeX Warning: Reference `7' on page 13 undefined on input line 381.


LaTeX Warning: Reference `8' on page 13 undefined on input line 381.


LaTeX Warning: Reference `4' on page 13 undefined on input line 387.


LaTeX Warning: Reference `7' on page 13 undefined on input line 393.


LaTeX Warning: Reference `8' on page 13 undefined on input line 393.


LaTeX Warning: Reference `2' on page 13 undefined on input line 393.


LaTeX Warning: Reference `7' on page 13 undefined on input line 396.


LaTeX Warning: Reference `8' on page 13 undefined on input line 396.


LaTeX Warning: Reference `7' on page 13 undefined on input line 396.


LaTeX Warning: Reference `5' on page 13 undefined on input line 399.


LaTeX Warning: Reference `6' on page 13 undefined on input line 400.

[13]

LaTeX Warning: Reference `7' on page 14 undefined on input line 403.


LaTeX Warning: Reference `8' on page 14 undefined on input line 407.


LaTeX Warning: Reference `4' on page 14 undefined on input line 407.


LaTeX Warning: Reference `secisiae' on page 14 undefined on input line 411.


LaTeX Warning: Reference `al1' on page 14 undefined on input line 411.


LaTeX Warning: Reference `secisiae' on page 14 undefined on input line 439.


LaTeX Warning: Reference `9' on page 14 undefined on input line 441.


LaTeX Warning: Reference `siaeerr' on page 14 undefined on input line 449.


LaTeX Warning: Reference `siaeerr' on page 14 undefined on input line 451.

[14]

LaTeX Warning: Citation `decay' on page 15 undefined on input line 466.


LaTeX Warning: Citation `decay' on page 15 undefined on input line 468.


LaTeX Warning: Reference `prop1' on page 15 undefined on input line 468.

[15]

LaTeX Warning: Reference `8' on page 16 undefined on input line 472.


LaTeX Warning: Reference `7' on page 16 undefined on input line 473.


LaTeX Warning: Reference `34' on page 16 undefined on input line 487.


LaTeX Warning: Reference `themerr' on page 16 undefined on input line 500.

[16] [17]

第 {5} 章 数値実験
[18

]

第 {6} 章 結論
[19

]

謝辞
[20

]

参 考 文 献

LaTeX Font Warning: Font shape `JT1/mc/m/sl' undefined
(Font)              using `JT1/mc/m/n' instead on input line 543.


LaTeX Font Warning: Font shape `JY1/mc/m/sl' undefined
(Font)              using `JY1/mc/m/n' instead on input line 543.

[21

]
Missing character: There is no ^^e2 in font cmr12!
Missing character: There is no ^^80 in font cmr12!
Missing character: There is no ^^93 in font cmr12!
 [22]

第 {A} 章 ISIAE法
[23

] [24]

第 {B} 章 BiCGStab法
[25

] (./main.aux)

LaTeX Font Warning: Some font shapes were not available, defaults substituted.


LaTeX Warning: There were undefined references.


LaTeX Warning: Label(s) may have changed. Rerun to get cross-references right.

 ) 
Here is how much of TeX's memory you used:
 2030 strings out of 493742
 23710 string characters out of 6151251
 93712 words of memory out of 5000000
 5521 multiletter control sequences out of 15000+600000
 23788 words of font info for 94 fonts, out of 8000000 for 9000
 929 hyphenation exceptions out of 8191
 33i,14n,26p,1433b,515s stack positions out of 5000i,500n,10000p,200000b,80000s

Output written on main.dvi (28 pages, 77960 bytes).
